Still inactive  1386842834  1386842834  exec time 0.0829558372498
Still inactive  1386845131  1386845131  exec time 0.000863075256348
Still inactive  1386845672  1386845672  exec time 0.00108695030212
Still inactive  1386845686  1386845686  exec time 0.00484299659729
Still inactive  1386846857  exec time 0.0061309337616
Still inactive  1386846862  exec time 0.000886917114258
Still inactive  1386846914  exec time 0.00170111656189
Still inactive  1386847870  exec time 0.000869989395142
Still inactive  1386847970  exec time 0.00102305412292
Still inactive  1386848279  exec time 0.00569701194763
Still inactive  1386848368  exec time 0.000808954238892
Still inactive  1386848384  exec time 0.00547194480896
Still inactive  1386848455  exec time 0.00544500350952
Still inactive  1386848767  exec time 0.000787973403931
Still inactive  1386849254  exec time 0.0068199634552
Still inactive  1386849314  exec time 0.000279903411865
Still inactive  1386849447  exec time 0.00521206855774
Still inactive  1386849548  exec time 0.000962018966675
Still inactive  1386855845  exec time 0.000855922698975
Still inactive  1386857978  exec time 0.00543713569641
Still inactive  1386857997  exec time 0.00524997711182
Still inactive  1386858011  exec time 0.00554418563843
Still inactive  1386858018  exec time 0.000839948654175
Still inactive  1386858418  exec time 0.00120210647583
Still inactive  1386858662  exec time 0.00590205192566
Still inactive  1386862728  exec time 0.00115299224854
Still inactive  1386863081  exec time 0.000849008560181
Still inactive  1386863927 client_id=c1a61fc930bc4a0cbd94cd98b16fdaf7&client_secret=332cb53bd1cf41a4a99cbffb6aecc8c8&object=tag&object_id=psrtry&aspect=media&verify_token=518527560.c1a61fc.a1c60d3f5a514057b2325525b32fc7e1&callback_url=http%3A%2F%2F202.44.102.29%2Finstagram%2Fcallback%2Fcallback.php exec time 0.000802040100098
Still inactive  1386863927 client_id=c1a61fc930bc4a0cbd94cd98b16fdaf7&client_secret=332cb53bd1cf41a4a99cbffb6aecc8c8&object=tag&object_id=psrtry&aspect=media&verify_token=518527560.c1a61fc.a1c60d3f5a514057b2325525b32fc7e1&callback_url=http%3A%2F%2F202.44.102.29%2Finstagram%2Fcallback%2Fcallback.php exec time 0.000594139099121
Still inactive  1386867110  exec time 0.000645875930786
Still inactive  1386870570  exec time 0.000853061676025
Still inactive  1386871846  exec time 0.00178384780884
Still inactive  1386936541 client_id=c1a61fc930bc4a0cbd94cd98b16fdaf7&client_secret=332cb53bd1cf41a4a99cbffb6aecc8c8&object=tag&object_id=psrtry&aspect=media&verify_token=518527560.c1a61fc.a1c60d3f5a514057b2325525b32fc7e1&callback_url=http%3A%2F%2F202.44.102.29%2Finstagram%2Fcallback%2Fcallback.php exec time 0.0245440006256
Still inactive  1386936541 client_id=c1a61fc930bc4a0cbd94cd98b16fdaf7&client_secret=332cb53bd1cf41a4a99cbffb6aecc8c8&object=tag&object_id=psrtry&aspect=media&verify_token=518527560.c1a61fc.a1c60d3f5a514057b2325525b32fc7e1&callback_url=http%3A%2F%2F202.44.102.29%2Finstagram%2Fcallback%2Fcallback.php exec time 0.00263404846191
Still inactive  1386941232  exec time 0.000706911087036
Still inactive  1386941387  exec time 0.00116205215454
Still inactive  1386941391  exec time 0.000678062438965
Still inactive  1386943868  exec time 0.00146484375
Still inactive  1386943897  exec time 0.00489211082458
Still inactive  1386943899  exec time 0.000395774841309
Still inactive  1386944813  exec time 0.000214099884033
Still inactive  1386944814  exec time 0.000819206237793
1386949514 [{"changed_aspect": "media", "object": "tag", "object_id": "psrofficialtag", "time": 1386920713, "subscription_id": 3969310, "data": {}}] exec time 1.84529089928 
Still inactive  1386962310  exec time 0.00518393516541
Still inactive  1386962311  exec time 0.00482392311096
1387186834 [{"changed_aspect": "media", "object": "tag", "object_id": "psrtrialonly", "time": 1387158033, "subscription_id": 3969615, "data": {}}] exec time 2.00716495514 
Still inactive  1387414047  exec time 0.0195980072021
Still inactive  1387938309  exec time 0.00601601600647
Still inactive  1387938408  exec time 0.000864028930664
Still inactive  1387938491  exec time 0.000744104385376
Still inactive  1387938497  exec time 0.000667095184326
Still inactive  1387938523  exec time 0.00226187705994
Still inactive  1388050874  exec time 0.00410199165344
Still inactive  1388050875  exec time 0.000702857971191
1388050958 [{"changed_aspect": "media", "object": "tag", "object_id": "psrtrialonly", "time": 1388022158, "subscription_id": 3969615, "data": {}}] exec time 1.86419296265 
1388066737 [{"changed_aspect": "media", "object": "tag", "object_id": "psrtrialonly", "time": 1388037936, "subscription_id": 3969615, "data": {}}] exec time 2.51152086258 
1388085135 [{"changed_aspect": "media", "object": "tag", "object_id": "psresibo", "time": 1388056335, "subscription_id": 4004584, "data": {}}] exec time 1.98868489265 
1388086122 [{"changed_aspect": "media", "object": "tag", "object_id": "psresibo", "time": 1388057321, "subscription_id": 4004584, "data": {}}] exec time 1.9365041256 
1388087067 [{"changed_aspect": "media", "object": "tag", "object_id": "psresibo", "time": 1388058266, "subscription_id": 4004584, "data": {}}] exec time 1.90860891342 
1388089090 [{"changed_aspect": "media", "object": "tag", "object_id": "psresibo", "time": 1388060289, "subscription_id": 4004584, "data": {}}] exec time 2.01762413979 
1388097173 [{"changed_aspect": "media", "object": "tag", "object_id": "psresibo", "time": 1388068373, "subscription_id": 4004584, "data": {}}] exec time 2.21882009506 
1388099769 [{"changed_aspect": "media", "object": "tag", "object_id": "psresibo", "time": 1388070969, "subscription_id": 4004584, "data": {}}] exec time 2.03391718864 
1388100022 [{"changed_aspect": "media", "object": "tag", "object_id": "psresibo", "time": 1388071222, "subscription_id": 4004584, "data": {}}] exec time 1.76442313194 
1388100154 [{"changed_aspect": "media", "object": "tag", "object_id": "psresibo", "time": 1388071353, "subscription_id": 4004584, "data": {}}] exec time 1.83254313469 
1388100249 [{"changed_aspect": "media", "object": "tag", "object_id": "psresibo", "time": 1388071448, "subscription_id": 4004584, "data": {}}] exec time 1.75933814049 
1388159265 [{"changed_aspect": "media", "object": "tag", "object_id": "psresibo", "time": 1388130465, "subscription_id": 4004584, "data": {}}] exec time 1.86407995224 
1388430188 [{"changed_aspect": "media", "object": "tag", "object_id": "psresibo", "time": 1388401388, "subscription_id": 4004584, "data": {}}] exec time 2.01964902878 
1388430394 [{"changed_aspect": "media", "object": "tag", "object_id": "psresibo", "time": 1388401593, "subscription_id": 4004584, "data": {}}] exec time 1.84386706352 
1388435121 [{"changed_aspect": "media", "object": "tag", "object_id": "psresibo", "time": 1388406321, "subscription_id": 4004584, "data": {}}] exec time 2.0458958149 
1388735727 [{"changed_aspect": "media", "object": "tag", "object_id": "psresibo", "time": 1388706926, "subscription_id": 4004584, "data": {}}] exec time 2.22873401642 
1388735897 [{"changed_aspect": "media", "object": "tag", "object_id": "psresibo", "time": 1388707097, "subscription_id": 4004584, "data": {}}] exec time 2.0789399147 
1388736064 [{"changed_aspect": "media", "object": "tag", "object_id": "psresibo", "time": 1388707263, "subscription_id": 4004584, "data": {}}] exec time 2.1489648819 
Still inactive  1388756842  exec time 0.000221967697144
Still inactive  1388756843  exec time 0.000237941741943
Still inactive  1388761923  exec time 0.00421810150146
Still inactive  1388761924  exec time 0.000751972198486
Still inactive  1388762222  exec time 0.00429081916809
Still inactive  1388762223  exec time 0.000385999679565
Still inactive  1388765351  exec time 0.00504684448242
Still inactive  1388765352  exec time 0.000445127487183
1388843402 [{"changed_aspect": "media", "object": "tag", "object_id": "psresibo", "time": 1388814602, "subscription_id": 4024102, "data": {}}] exec time 2.05813097954 
Still inactive  1388846468  exec time 0.00144386291504
Still inactive  1388964804  exec time 0.000825881958008
Still inactive  1388964805  exec time 0.000943899154663
Still inactive  1389002403  exec time 0.000253915786743
Still inactive  1389002404  exec time 0.000695943832397
Still inactive  1389016803  exec time 0.000258207321167
Still inactive  1389016803  exec time 0.000216007232666
Still inactive  1389024002  exec time 0.000602960586548
Still inactive  1389024003  exec time 0.000282049179077
Still inactive  1389043739  exec time 0.00205302238464
Still inactive  1389088803  exec time 0.00028395652771
Still inactive  1389088804  exec time 0.00028395652771
Still inactive  1389103202  exec time 0.000837087631226
Still inactive  1389103203  exec time 0.000284910202026
Still inactive  1389115419  exec time 0.000269889831543
Still inactive  1389115420  exec time 0.00039005279541
Still inactive  1389175205  exec time 0.0049409866333
Still inactive  1389175206  exec time 0.000218868255615
Still inactive  1389190489  exec time 0.00460910797119
Still inactive  1389190489  exec time 0.00437712669373
Still inactive  1389196803  exec time 0.00406503677368
Still inactive  1389196803  exec time 0.000181198120117
Still inactive  1389258003  exec time 0.000292062759399
Still inactive  1389258004  exec time 0.00420904159546
Still inactive  1389258011  exec time 0.000452041625977
Still inactive  1389258012  exec time 0.00450801849365
1389258598 [{"changed_aspect": "media", "object": "tag", "object_id": "psrofficialtag", "time": 1389229797, "subscription_id": 4036881, "data": {}}] exec time 1.76800990105 
1389258677 [{"changed_aspect": "media", "object": "tag", "object_id": "psrofficialtag", "time": 1389229877, "subscription_id": 4036881, "data": {}}] exec time 2.17548918724 
1389259306 [{"changed_aspect": "media", "object": "tag", "object_id": "psrofficialtag", "time": 1389230505, "subscription_id": 4036881, "data": {}}] exec time 1.92985105515 
1389259359 [{"changed_aspect": "media", "object": "tag", "object_id": "psrofficialtag", "time": 1389230558, "subscription_id": 4036881, "data": {}}] exec time 1.67233800888 
1389259399 [{"changed_aspect": "media", "object": "tag", "object_id": "psrofficialtag", "time": 1389230599, "subscription_id": 4036881, "data": {}}] exec time 1.77523207664 
Still inactive  1389268812  exec time 0.000826835632324
Still inactive  1389268813  exec time 0.00431895256042
Still inactive  1389268828  exec time 0.000702857971191
Still inactive  1389268829  exec time 0.000192880630493
1389279516 [{"changed_aspect": "media", "object": "tag", "object_id": "psresibo", "time": 1389250715, "subscription_id": 4024102, "data": {}}] exec time 3.68891596794 
Still inactive  1389279604  exec time 0.000291109085083
Still inactive  1389279605  exec time 0.000272989273071
1389279637 [{"changed_aspect": "media", "object": "tag", "object_id": "psresibo", "time": 1389250837, "subscription_id": 4024102, "data": {}}] exec time 3.0397028923 
1389279946 [{"changed_aspect": "media", "object": "tag", "object_id": "psresibo", "time": 1389251145, "subscription_id": 4024102, "data": {}}] exec time 7.99308180809 
1389281072 [{"changed_aspect": "media", "object": "tag", "object_id": "psresibo", "time": 1389252271, "subscription_id": 4024102, "data": {}}] exec time 1.70722103119 
Still inactive  1389283203  exec time 0.00019907951355
Still inactive  1389283204  exec time 0.00497984886169
Still inactive  1389283208  exec time 0.000761985778809
Still inactive  1389351603  exec time 0.0049159526825
Still inactive  1389351604  exec time 0.000167846679688
Still inactive  1389353255  exec time 0.00116920471191
Still inactive  1389362403  exec time 0.000216007232666
Still inactive  1389362404  exec time 0.000427007675171
Still inactive  1389369603  exec time 0.000200986862183
Still inactive  1389369604  exec time 0.000169038772583
Still inactive  1389369608  exec time 0.000241041183472
Still inactive  1389369609  exec time 0.000239133834839
1389369865 [{"changed_aspect": "media", "object": "tag", "object_id": "psrgiftcheck", "time": 1389341064, "subscription_id": 4039639, "data": {}}] exec time 1.61626815796 
1389370245 [{"changed_aspect": "media", "object": "tag", "object_id": "psrgiftcheck", "time": 1389341445, "subscription_id": 4039639, "data": {}}] exec time 1.68289113045 
Still inactive  1389373203  exec time 0.000389099121094
Still inactive  1389373204  exec time 0.000764131546021
Still inactive  1389373211  exec time 0.000233888626099
Still inactive  1389373212  exec time 0.000169992446899
Still inactive  1389375263 [{"changed_aspect": "media", "object": "tag", "object_id": "psrtest", "time": 1389346462, "subscription_id": 4039690, "data": {}}] exec time 0.00126695632935
